<?xml version="1.0" encoding="UTF-8"?>
<testsuite name="models.ObjectiveTest" tests="2" skipped="0" failures="0" errors="0" timestamp="2022-09-19T07:55:37" hostname="yunhaeeun-ui-MacBookPro.local" time="0.013">
  <properties/>
  <testcase name="string()" classname="models.ObjectiveTest" time="0.012"/>
  <testcase name="creation()" classname="models.ObjectiveTest" time="0.001"/>
  <system-out><![CDATA[]]></system-out>
  <system-err><![CDATA[]]></system-err>
</testsuite>
